{
"contracts/District.sol":{"l":{"35":0,"37":0,"38":0,"40":0,"41":0,"42":0,"47":0,"54":0,"58":0,"59":0,"60":0,"62":0,"63":0,"64":0,"65":0,"75":0,"85":0,"90":0,"92":0,"93":0,"94":0,"98":0,"103":0,"107":0,"111":0,"112":0,"114":0,"117":0,"118":0,"119":0,"122":0,"123":0,"125":0,"126":0,"127":0,"130":0,"132":0,"134":0,"135":0,"136":0,"138":0,"143":0,"144":0,"146":0,"149":0,"150":0,"151":0,"152":0,"153":0,"154":0,"155":0,"158":0,"161":0,"180":0,"181":0,"183":0,"186":0,"187":0,"191":0,"192":0,"193":0,"195":0,"196":0,"197":0,"201":0,"202":0,"203":0,"209":0,"211":0,"212":0,"213":0,"216":0,"217":0,"218":0,"219":0,"223":0},"path":"/Users/timothymuscat/Documents/MScThesis/BlockVote_ReactBox/contracts/District.sol","s":{"1":0,"2":0,"3":0,"4":0,"5":0,"6":0,"7":0,"8":0,"9":0,"10":0,"11":0,"12":0,"13":0,"14":0,"15":0,"16":0,"17":0,"18":0,"19":0,"20":0,"21":0,"22":0,"23":0,"24":0,"25":0,"26":0,"27":0,"28":0,"29":0,"30":0,"31":0,"32":0,"33":0,"34":0,"35":0,"36":0,"37":0,"38":0,"39":0,"40":0,"41":0,"42":0,"43":0,"44":0,"45":0,"46":0,"47":0,"48":0,"49":0,"50":0,"51":0,"52":0,"53":0,"54":0,"55":0,"56":0,"57":0,"58":0,"59":0,"60":0,"61":0,"62":0,"63":0,"64":0,"65":0,"66":0,"67":0,"68":0,"69":0,"70":0,"71":0,"72":0,"73":0,"74":0},"b":{"1":[0,0],"2":[0,0],"3":[0,0],"4":[0,0],"5":[0,0],"6":[0,0],"7":[0,0],"8":[0,0],"9":[0,0],"10":[0,0],"11":[0,0],"12":[0,0],"13":[0,0],"14":[0,0]},"f":{"1":0,"2":0,"3":0,"4":0,"5":0,"6":0,"7":0,"8":0,"9":0,"10":0},"fnMap":{"1":{"name":"constructor","line":33,"loc":{"start":{"line":33,"column":4},"end":{"line":44,"column":4}}},"2":{"name":"setVoteToken","line":46,"loc":{"start":{"line":46,"column":4},"end":{"line":48,"column":4}}},"3":{"name":"getCandidateAddresses","line":53,"loc":{"start":{"line":53,"column":4},"end":{"line":55,"column":4}}},"4":{"name":"vote","line":57,"loc":{"start":{"line":57,"column":4},"end":{"line":66,"column":4}}},"5":{"name":"getAddresses","line":74,"loc":{"start":{"line":74,"column":3},"end":{"line":76,"column":3}}},"6":{"name":"getQuota","line":83,"loc":{"start":{"line":83,"column":3},"end":{"line":86,"column":3}}},"7":{"name":"getAllElected","line":89,"loc":{"start":{"line":89,"column":4},"end":{"line":99,"column":4}}},"8":{"name":"kill","line":101,"loc":{"start":{"line":101,"column":4},"end":{"line":104,"column":4}}},"9":{"name":"transferAllBack","line":106,"loc":{"start":{"line":106,"column":4},"end":{"line":108,"column":4}}},"10":{"name":"countVotes","line":110,"loc":{"start":{"line":110,"column":4},"end":{"line":224,"column":4}}}},"statementMap":{"1":{"start":{"line":35,"column":8},"end":{"line":35,"column":39}},"2":{"start":{"line":37,"column":8},"end":{"line":37,"column":20}},"3":{"start":{"line":38,"column":8},"end":{"line":38,"column":50}},"4":{"start":{"line":40,"column":8},"end":{"line":40,"column":1302}},"5":{"start":{"line":41,"column":12},"end":{"line":41,"column":59}},"6":{"start":{"line":42,"column":12},"end":{"line":42,"column":63}},"7":{"start":{"line":47,"column":8},"end":{"line":47,"column":29}},"8":{"start":{"line":54,"column":8},"end":{"line":54,"column":33}},"9":{"start":{"line":58,"column":8},"end":{"line":58,"column":82}},"10":{"start":{"line":59,"column":8},"end":{"line":59,"column":2123}},"11":{"start":{"line":60,"column":12},"end":{"line":60,"column":132}},"12":{"start":{"line":62,"column":8},"end":{"line":62,"column":63}},"13":{"start":{"line":63,"column":8},"end":{"line":63,"column":58}},"14":{"start":{"line":64,"column":8},"end":{"line":64,"column":21}},"15":{"start":{"line":65,"column":8},"end":{"line":65,"column":56}},"16":{"start":{"line":75,"column":7},"end":{"line":75,"column":32}},"17":{"start":{"line":85,"column":7},"end":{"line":85,"column":39}},"18":{"start":{"line":90,"column":8},"end":{"line":90,"column":3187}},"19":{"start":{"line":92,"column":12},"end":{"line":92,"column":3245}},"20":{"start":{"line":93,"column":16},"end":{"line":93,"column":3379}},"21":{"start":{"line":94,"column":20},"end":{"line":94,"column":85}},"22":{"start":{"line":98,"column":8},"end":{"line":98,"column":32}},"23":{"start":{"line":103,"column":8},"end":{"line":103,"column":31}},"24":{"start":{"line":107,"column":8},"end":{"line":107,"column":39}},"25":{"start":{"line":111,"column":8},"end":{"line":111,"column":36}},"26":{"start":{"line":112,"column":8},"end":{"line":112,"column":61}},"27":{"start":{"line":114,"column":8},"end":{"line":114,"column":25}},"28":{"start":{"line":117,"column":8},"end":{"line":117,"column":4013}},"29":{"start":{"line":118,"column":12},"end":{"line":118,"column":36}},"30":{"start":{"line":119,"column":12},"end":{"line":119,"column":41}},"31":{"start":{"line":122,"column":12},"end":{"line":122,"column":78}},"32":{"start":{"line":123,"column":12},"end":{"line":123,"column":73}},"33":{"start":{"line":125,"column":12},"end":{"line":125,"column":4655}},"34":{"start":{"line":126,"column":16},"end":{"line":126,"column":84}},"35":{"start":{"line":127,"column":16},"end":{"line":127,"column":44}},"36":{"start":{"line":130,"column":12},"end":{"line":130,"column":4860}},"37":{"start":{"line":132,"column":16},"end":{"line":132,"column":53}},"38":{"start":{"line":134,"column":16},"end":{"line":134,"column":79}},"39":{"start":{"line":135,"column":16},"end":{"line":135,"column":5179}},"40":{"start":{"line":138,"column":20},"end":{"line":138,"column":39}},"41":{"start":{"line":143,"column":16},"end":{"line":143,"column":5447}},"42":{"start":{"line":144,"column":20},"end":{"line":144,"column":78}},"43":{"start":{"line":146,"column":16},"end":{"line":146,"column":82}},"44":{"start":{"line":149,"column":16},"end":{"line":149,"column":5625}},"45":{"start":{"line":150,"column":20},"end":{"line":150,"column":87}},"46":{"start":{"line":151,"column":20},"end":{"line":151,"column":62}},"47":{"start":{"line":152,"column":20},"end":{"line":152,"column":42}},"48":{"start":{"line":153,"column":20},"end":{"line":153,"column":59}},"49":{"start":{"line":154,"column":20},"end":{"line":154,"column":6000}},"50":{"start":{"line":157,"column":21},"end":{"line":157,"column":6083}},"51":{"start":{"line":158,"column":20},"end":{"line":158,"column":87}},"52":{"start":{"line":160,"column":21},"end":{"line":160,"column":6315}},"53":{"start":{"line":180,"column":12},"end":{"line":180,"column":7172}},"54":{"start":{"line":182,"column":17},"end":{"line":182,"column":7253}},"55":{"start":{"line":186,"column":12},"end":{"line":186,"column":74}},"56":{"start":{"line":187,"column":12},"end":{"line":187,"column":98}},"57":{"start":{"line":191,"column":12},"end":{"line":191,"column":8023}},"58":{"start":{"line":192,"column":16},"end":{"line":192,"column":84}},"59":{"start":{"line":193,"column":16},"end":{"line":193,"column":65}},"60":{"start":{"line":195,"column":16},"end":{"line":195,"column":8242}},"61":{"start":{"line":196,"column":20},"end":{"line":196,"column":69}},"62":{"start":{"line":197,"column":20},"end":{"line":197,"column":47}},"63":{"start":{"line":201,"column":12},"end":{"line":201,"column":71}},"64":{"start":{"line":202,"column":12},"end":{"line":202,"column":8677}},"65":{"start":{"line":203,"column":16},"end":{"line":203,"column":72}},"66":{"start":{"line":209,"column":8},"end":{"line":209,"column":43}},"67":{"start":{"line":211,"column":8},"end":{"line":211,"column":8823}},"68":{"start":{"line":212,"column":12},"end":{"line":212,"column":103}},"69":{"start":{"line":213,"column":12},"end":{"line":213,"column":83}},"70":{"start":{"line":216,"column":8},"end":{"line":216,"column":19}},"71":{"start":{"line":217,"column":8},"end":{"line":217,"column":9107}},"72":{"start":{"line":218,"column":12},"end":{"line":218,"column":75}},"73":{"start":{"line":219,"column":12},"end":{"line":219,"column":74}},"74":{"start":{"line":223,"column":8},"end":{"line":223,"column":21}}},"branchMap":{"1":{"line":58,"type":"if","locations":[{"start":{"line":58,"column":8},"end":{"line":58,"column":8}},{"start":{"line":58,"column":8},"end":{"line":58,"column":8}}]},"2":{"line":60,"type":"if","locations":[{"start":{"line":60,"column":12},"end":{"line":60,"column":12}},{"start":{"line":60,"column":12},"end":{"line":60,"column":12}}]},"3":{"line":90,"type":"if","locations":[{"start":{"line":90,"column":8},"end":{"line":90,"column":8}},{"start":{"line":90,"column":8},"end":{"line":90,"column":8}}]},"4":{"line":93,"type":"if","locations":[{"start":{"line":93,"column":16},"end":{"line":93,"column":16}},{"start":{"line":93,"column":16},"end":{"line":93,"column":16}}]},"5":{"line":135,"type":"if","locations":[{"start":{"line":135,"column":16},"end":{"line":135,"column":16}},{"start":{"line":135,"column":16},"end":{"line":135,"column":16}}]},"6":{"line":143,"type":"if","locations":[{"start":{"line":143,"column":16},"end":{"line":143,"column":16}},{"start":{"line":143,"column":16},"end":{"line":143,"column":16}}]},"7":{"line":149,"type":"if","locations":[{"start":{"line":149,"column":16},"end":{"line":149,"column":16}},{"start":{"line":149,"column":16},"end":{"line":149,"column":16}}]},"8":{"line":154,"type":"if","locations":[{"start":{"line":154,"column":20},"end":{"line":154,"column":20}},{"start":{"line":154,"column":20},"end":{"line":154,"column":20}}]},"9":{"line":157,"type":"if","locations":[{"start":{"line":157,"column":21},"end":{"line":157,"column":21}},{"start":{"line":157,"column":21},"end":{"line":157,"column":21}}]},"10":{"line":160,"type":"if","locations":[{"start":{"line":160,"column":21},"end":{"line":160,"column":21}},{"start":{"line":160,"column":21},"end":{"line":160,"column":21}}]},"11":{"line":180,"type":"if","locations":[{"start":{"line":180,"column":12},"end":{"line":180,"column":12}},{"start":{"line":180,"column":12},"end":{"line":180,"column":12}}]},"12":{"line":182,"type":"if","locations":[{"start":{"line":182,"column":17},"end":{"line":182,"column":17}},{"start":{"line":182,"column":17},"end":{"line":182,"column":17}}]},"13":{"line":195,"type":"if","locations":[{"start":{"line":195,"column":16},"end":{"line":195,"column":16}},{"start":{"line":195,"column":16},"end":{"line":195,"column":16}}]},"14":{"line":202,"type":"if","locations":[{"start":{"line":202,"column":12},"end":{"line":202,"column":12}},{"start":{"line":202,"column":12},"end":{"line":202,"column":12}}]}}},
"contracts/DistrictFactory.sol":{"l":{"9":0,"10":0,"11":0},"path":"/Users/timothymuscat/Documents/MScThesis/BlockVote_ReactBox/contracts/DistrictFactory.sol","s":{"1":0,"2":0,"3":0},"b":{},"f":{"1":0},"fnMap":{"1":{"name":"create","line":8,"loc":{"start":{"line":8,"column":4},"end":{"line":12,"column":4}}}},"statementMap":{"1":{"start":{"line":9,"column":8},"end":{"line":9,"column":63}},"2":{"start":{"line":10,"column":8},"end":{"line":10,"column":38}},"3":{"start":{"line":11,"column":8},"end":{"line":11,"column":16}}},"branchMap":{}},
"contracts/ElectionController.sol":{"l":{"20":3,"21":3,"22":3,"27":0,"28":0,"30":0,"32":0,"33":0,"36":0,"38":0,"43":0,"44":0,"45":0,"46":0,"51":0,"52":0,"63":0,"64":0,"67":0,"68":0,"69":0,"70":0,"71":0,"78":0,"82":0,"83":0,"87":0,"91":0},"path":"/Users/timothymuscat/Documents/MScThesis/BlockVote_ReactBox/contracts/ElectionController.sol","s":{"1":3,"2":3,"3":3,"4":0,"5":0,"6":0,"7":0,"8":0,"9":0,"10":0,"11":0,"12":0,"13":0,"14":0,"15":0,"16":0,"17":0,"18":0,"19":0,"20":0,"21":0,"22":0,"23":0,"24":0,"25":0,"26":0,"27":0,"28":0},"b":{"1":[0,0],"2":[0,0]},"f":{"1":3,"2":0,"3":0,"4":0,"5":0,"6":0,"7":0},"fnMap":{"1":{"name":"constructor","line":19,"loc":{"start":{"line":19,"column":4},"end":{"line":23,"column":4}}},"2":{"name":"endElection","line":25,"loc":{"start":{"line":25,"column":4},"end":{"line":53,"column":4}}},"3":{"name":"launchElection","line":61,"loc":{"start":{"line":55,"column":4},"end":{"line":75,"column":4}}},"4":{"name":"balanceOf","line":77,"loc":{"start":{"line":77,"column":4},"end":{"line":79,"column":4}}},"5":{"name":"getDistrictCandidateAddresses","line":81,"loc":{"start":{"line":81,"column":4},"end":{"line":84,"column":4}}},"6":{"name":"getDistrictContract","line":86,"loc":{"start":{"line":86,"column":4},"end":{"line":88,"column":4}}},"7":{"name":"mintVote","line":90,"loc":{"start":{"line":90,"column":4},"end":{"line":93,"column":4}}}},"statementMap":{"1":{"start":{"line":20,"column":8},"end":{"line":20,"column":33}},"2":{"start":{"line":21,"column":8},"end":{"line":21,"column":41}},"3":{"start":{"line":22,"column":8},"end":{"line":22,"column":43}},"4":{"start":{"line":27,"column":8},"end":{"line":27,"column":37}},"5":{"start":{"line":28,"column":8},"end":{"line":28,"column":24}},"6":{"start":{"line":30,"column":8},"end":{"line":30,"column":983}},"7":{"start":{"line":32,"column":12},"end":{"line":32,"column":67}},"8":{"start":{"line":33,"column":12},"end":{"line":33,"column":143}},"9":{"start":{"line":36,"column":12},"end":{"line":36,"column":1454}},"10":{"start":{"line":38,"column":16},"end":{"line":38,"column":105}},"11":{"start":{"line":43,"column":16},"end":{"line":43,"column":69}},"12":{"start":{"line":44,"column":16},"end":{"line":44,"column":1844}},"13":{"start":{"line":45,"column":20},"end":{"line":45,"column":75}},"14":{"start":{"line":46,"column":20},"end":{"line":46,"column":46}},"15":{"start":{"line":51,"column":8},"end":{"line":51,"column":79}},"16":{"start":{"line":52,"column":8},"end":{"line":52,"column":46}},"17":{"start":{"line":63,"column":8},"end":{"line":63,"column":81}},"18":{"start":{"line":64,"column":8},"end":{"line":64,"column":217}},"19":{"start":{"line":67,"column":8},"end":{"line":67,"column":2771}},"20":{"start":{"line":68,"column":12},"end":{"line":68,"column":67}},"21":{"start":{"line":69,"column":12},"end":{"line":69,"column":65}},"22":{"start":{"line":70,"column":12},"end":{"line":70,"column":122}},"23":{"start":{"line":71,"column":12},"end":{"line":71,"column":115}},"24":{"start":{"line":78,"column":8},"end":{"line":78,"column":65}},"25":{"start":{"line":82,"column":8},"end":{"line":82,"column":110}},"26":{"start":{"line":83,"column":8},"end":{"line":83,"column":24}},"27":{"start":{"line":87,"column":8},"end":{"line":87,"column":64}},"28":{"start":{"line":91,"column":8},"end":{"line":91,"column":72}}},"branchMap":{"1":{"line":33,"type":"if","locations":[{"start":{"line":33,"column":12},"end":{"line":33,"column":12}},{"start":{"line":33,"column":12},"end":{"line":33,"column":12}}]},"2":{"line":44,"type":"if","locations":[{"start":{"line":44,"column":16},"end":{"line":44,"column":16}},{"start":{"line":44,"column":16},"end":{"line":44,"column":16}}]}}},
"contracts/Shared.sol":{"l":{},"path":"/Users/timothymuscat/Documents/MScThesis/BlockVote_ReactBox/contracts/Shared.sol","s":{},"b":{},"f":{},"fnMap":{},"statementMap":{},"branchMap":{}},
"contracts/SimpleStorage.sol":{"l":{"8":0,"12":0},"path":"/Users/timothymuscat/Documents/MScThesis/BlockVote_ReactBox/contracts/SimpleStorage.sol","s":{"1":0,"2":0},"b":{},"f":{"1":0,"2":0},"fnMap":{"1":{"name":"set","line":7,"loc":{"start":{"line":7,"column":2},"end":{"line":9,"column":2}}},"2":{"name":"get","line":11,"loc":{"start":{"line":11,"column":2},"end":{"line":13,"column":2}}}},"statementMap":{"1":{"start":{"line":8,"column":4},"end":{"line":8,"column":17}},"2":{"start":{"line":12,"column":4},"end":{"line":12,"column":21}}},"branchMap":{}},
"contracts/VoteToken.sol":{"l":{"16":0,"17":0,"21":5,"22":5,"23":5,"28":0,"35":6,"40":1,"42":1,"43":5,"51":6,"52":6,"53":2,"61":0,"62":0,"64":0,"65":0,"66":0,"67":0,"74":0,"88":0},"path":"/Users/timothymuscat/Documents/MScThesis/BlockVote_ReactBox/contracts/VoteToken.sol","s":{"1":0,"2":5,"3":5,"4":5,"5":0,"6":6,"7":1,"8":1,"9":5,"10":6,"11":6,"12":2,"13":0,"14":0,"15":0,"16":0,"17":0,"18":0,"19":0,"20":0},"b":{"1":[0,0],"2":[2,4],"3":[6,0],"4":[0,0]},"f":{"1":0,"2":5,"3":0,"4":6,"5":1,"6":6,"7":0,"8":0,"9":0,"10":0},"fnMap":{"1":{"name":"OnlyAllowed","line":15,"loc":{"start":{"line":15,"column":4},"end":{"line":18,"column":4}}},"2":{"name":"constructor","line":20,"loc":{"start":{"line":20,"column":4},"end":{"line":24,"column":4}}},"3":{"name":"setAllowed","line":27,"loc":{"start":{"line":27,"column":4},"end":{"line":29,"column":4}}},"4":{"name":"_beforeTokenTransfer","line":34,"loc":{"start":{"line":34,"column":4},"end":{"line":36,"column":4}}},"5":{"name":"setVotePreferences","line":39,"loc":{"start":{"line":39,"column":4},"end":{"line":45,"column":4}}},"6":{"name":"mint","line":50,"loc":{"start":{"line":50,"column":4},"end":{"line":54,"column":4}}},"7":{"name":"transferAllBack","line":60,"loc":{"start":{"line":60,"column":4},"end":{"line":69,"column":4}}},"8":{"name":"transferFrom","line":72,"loc":{"start":{"line":72,"column":4},"end":{"line":75,"column":4}}},"9":{"name":"safeTransferFrom","line":82,"loc":{"start":{"line":82,"column":4},"end":{"line":84,"column":4}}},"10":{"name":"kill","line":87,"loc":{"start":{"line":87,"column":4},"end":{"line":89,"column":4}}}},"statementMap":{"1":{"start":{"line":16,"column":8},"end":{"line":16,"column":129}},"2":{"start":{"line":21,"column":8},"end":{"line":21,"column":29}},"3":{"start":{"line":22,"column":8},"end":{"line":22,"column":25}},"4":{"start":{"line":23,"column":8},"end":{"line":23,"column":45}},"5":{"start":{"line":28,"column":8},"end":{"line":28,"column":40}},"6":{"start":{"line":35,"column":8},"end":{"line":35,"column":123}},"7":{"start":{"line":40,"column":8},"end":{"line":40,"column":49}},"8":{"start":{"line":42,"column":8},"end":{"line":42,"column":1886}},"9":{"start":{"line":43,"column":12},"end":{"line":43,"column":55}},"10":{"start":{"line":51,"column":8},"end":{"line":51,"column":83}},"11":{"start":{"line":52,"column":8},"end":{"line":52,"column":28}},"12":{"start":{"line":53,"column":8},"end":{"line":53,"column":39}},"13":{"start":{"line":61,"column":8},"end":{"line":61,"column":65}},"14":{"start":{"line":62,"column":8},"end":{"line":62,"column":39}},"15":{"start":{"line":64,"column":8},"end":{"line":64,"column":3181}},"16":{"start":{"line":65,"column":12},"end":{"line":65,"column":58}},"17":{"start":{"line":66,"column":12},"end":{"line":66,"column":103}},"18":{"start":{"line":67,"column":12},"end":{"line":67,"column":49}},"19":{"start":{"line":74,"column":8},"end":{"line":74,"column":42}},"20":{"start":{"line":88,"column":8},"end":{"line":88,"column":31}}},"branchMap":{"1":{"line":16,"type":"if","locations":[{"start":{"line":16,"column":8},"end":{"line":16,"column":8}},{"start":{"line":16,"column":8},"end":{"line":16,"column":8}}]},"2":{"line":35,"type":"if","locations":[{"start":{"line":35,"column":8},"end":{"line":35,"column":8}},{"start":{"line":35,"column":8},"end":{"line":35,"column":8}}]},"3":{"line":51,"type":"if","locations":[{"start":{"line":51,"column":8},"end":{"line":51,"column":8}},{"start":{"line":51,"column":8},"end":{"line":51,"column":8}}]},"4":{"line":66,"type":"if","locations":[{"start":{"line":66,"column":12},"end":{"line":66,"column":12}},{"start":{"line":66,"column":12},"end":{"line":66,"column":12}}]}}},
"contracts/VoteTokenFactory.sol":{"l":{"8":0,"9":0,"10":0},"path":"/Users/timothymuscat/Documents/MScThesis/BlockVote_ReactBox/contracts/VoteTokenFactory.sol","s":{"1":0,"2":0,"3":0},"b":{},"f":{"1":0},"fnMap":{"1":{"name":"create","line":7,"loc":{"start":{"line":7,"column":4},"end":{"line":11,"column":4}}}},"statementMap":{"1":{"start":{"line":8,"column":8},"end":{"line":8,"column":65}},"2":{"start":{"line":9,"column":8},"end":{"line":9,"column":38}},"3":{"start":{"line":10,"column":8},"end":{"line":10,"column":16}}},"branchMap":{}}}
