TN:
SF:/Users/timothymuscat/Documents/MScThesis/BlockVote_ReactBox/contracts/District.sol
FN:33,constructor
FN:46,setVoteToken
FN:53,getCandidateAddresses
FN:57,vote
FN:74,getAddresses
FN:83,getQuota
FN:89,getAllElected
FN:101,kill
FN:106,transferAllBack
FN:110,countVotes
FNF:10
FNH:0
FNDA:0,constructor
FNDA:0,setVoteToken
FNDA:0,getCandidateAddresses
FNDA:0,vote
FNDA:0,getAddresses
FNDA:0,getQuota
FNDA:0,getAllElected
FNDA:0,kill
FNDA:0,transferAllBack
FNDA:0,countVotes
DA:35,0
DA:37,0
DA:38,0
DA:40,0
DA:41,0
DA:42,0
DA:47,0
DA:54,0
DA:58,0
DA:59,0
DA:60,0
DA:62,0
DA:63,0
DA:64,0
DA:65,0
DA:75,0
DA:85,0
DA:90,0
DA:92,0
DA:93,0
DA:94,0
DA:98,0
DA:103,0
DA:107,0
DA:111,0
DA:112,0
DA:114,0
DA:117,0
DA:118,0
DA:119,0
DA:122,0
DA:123,0
DA:125,0
DA:126,0
DA:127,0
DA:130,0
DA:132,0
DA:134,0
DA:135,0
DA:136,0
DA:138,0
DA:143,0
DA:144,0
DA:146,0
DA:149,0
DA:150,0
DA:151,0
DA:152,0
DA:153,0
DA:154,0
DA:155,0
DA:158,0
DA:161,0
DA:180,0
DA:181,0
DA:183,0
DA:186,0
DA:187,0
DA:191,0
DA:192,0
DA:193,0
DA:195,0
DA:196,0
DA:197,0
DA:201,0
DA:202,0
DA:203,0
DA:209,0
DA:211,0
DA:212,0
DA:213,0
DA:216,0
DA:217,0
DA:218,0
DA:219,0
DA:223,0
LF:76
LH:0
BRDA:58,1,0,0
BRDA:58,1,1,0
BRDA:60,2,0,0
BRDA:60,2,1,0
BRDA:90,3,0,0
BRDA:90,3,1,0
BRDA:93,4,0,0
BRDA:93,4,1,0
BRDA:135,5,0,0
BRDA:135,5,1,0
BRDA:143,6,0,0
BRDA:143,6,1,0
BRDA:149,7,0,0
BRDA:149,7,1,0
BRDA:154,8,0,0
BRDA:154,8,1,0
BRDA:157,9,0,0
BRDA:157,9,1,0
BRDA:160,10,0,0
BRDA:160,10,1,0
BRDA:180,11,0,0
BRDA:180,11,1,0
BRDA:182,12,0,0
BRDA:182,12,1,0
BRDA:195,13,0,0
BRDA:195,13,1,0
BRDA:202,14,0,0
BRDA:202,14,1,0
BRF:28
BRH:0
end_of_record
TN:
SF:/Users/timothymuscat/Documents/MScThesis/BlockVote_ReactBox/contracts/DistrictFactory.sol
FN:8,create
FNF:1
FNH:0
FNDA:0,create
DA:9,0
DA:10,0
DA:11,0
LF:3
LH:0
BRF:0
BRH:0
end_of_record
TN:
SF:/Users/timothymuscat/Documents/MScThesis/BlockVote_ReactBox/contracts/ElectionController.sol
FN:19,constructor
FN:25,endElection
FN:61,launchElection
FN:77,balanceOf
FN:81,getDistrictCandidateAddresses
FN:86,getDistrictContract
FN:90,mintVote
FNF:7
FNH:1
FNDA:3,constructor
FNDA:0,endElection
FNDA:0,launchElection
FNDA:0,balanceOf
FNDA:0,getDistrictCandidateAddresses
FNDA:0,getDistrictContract
FNDA:0,mintVote
DA:20,3
DA:21,3
DA:22,3
DA:27,0
DA:28,0
DA:30,0
DA:32,0
DA:33,0
DA:36,0
DA:38,0
DA:43,0
DA:44,0
DA:45,0
DA:46,0
DA:51,0
DA:52,0
DA:63,0
DA:64,0
DA:67,0
DA:68,0
DA:69,0
DA:70,0
DA:71,0
DA:78,0
DA:82,0
DA:83,0
DA:87,0
DA:91,0
LF:28
LH:3
BRDA:33,1,0,0
BRDA:33,1,1,0
BRDA:44,2,0,0
BRDA:44,2,1,0
BRF:4
BRH:0
end_of_record
TN:
SF:/Users/timothymuscat/Documents/MScThesis/BlockVote_ReactBox/contracts/Shared.sol
FNF:0
FNH:0
LF:0
LH:0
BRF:0
BRH:0
end_of_record
TN:
SF:/Users/timothymuscat/Documents/MScThesis/BlockVote_ReactBox/contracts/SimpleStorage.sol
FN:7,set
FN:11,get
FNF:2
FNH:0
FNDA:0,set
FNDA:0,get
DA:8,0
DA:12,0
LF:2
LH:0
BRF:0
BRH:0
end_of_record
TN:
SF:/Users/timothymuscat/Documents/MScThesis/BlockVote_ReactBox/contracts/VoteToken.sol
FN:15,OnlyAllowed
FN:20,constructor
FN:27,setAllowed
FN:34,_beforeTokenTransfer
FN:39,setVotePreferences
FN:50,mint
FN:60,transferAllBack
FN:72,transferFrom
FN:82,safeTransferFrom
FN:87,kill
FNF:10
FNH:4
FNDA:0,OnlyAllowed
FNDA:5,constructor
FNDA:0,setAllowed
FNDA:6,_beforeTokenTransfer
FNDA:1,setVotePreferences
FNDA:6,mint
FNDA:0,transferAllBack
FNDA:0,transferFrom
FNDA:0,safeTransferFrom
FNDA:0,kill
DA:16,0
DA:17,0
DA:21,5
DA:22,5
DA:23,5
DA:28,0
DA:35,6
DA:40,1
DA:42,1
DA:43,5
DA:51,6
DA:52,6
DA:53,2
DA:61,0
DA:62,0
DA:64,0
DA:65,0
DA:66,0
DA:67,0
DA:74,0
DA:88,0
LF:21
LH:10
BRDA:16,1,0,0
BRDA:16,1,1,0
BRDA:35,2,0,2
BRDA:35,2,1,4
BRDA:51,3,0,6
BRDA:51,3,1,0
BRDA:66,4,0,0
BRDA:66,4,1,0
BRF:8
BRH:3
end_of_record
TN:
SF:/Users/timothymuscat/Documents/MScThesis/BlockVote_ReactBox/contracts/VoteTokenFactory.sol
FN:7,create
FNF:1
FNH:0
FNDA:0,create
DA:8,0
DA:9,0
DA:10,0
LF:3
LH:0
BRF:0
BRH:0
end_of_record
